21:31:40: 正在执行 ':net.fabricmc.devlaunchinjector.Main.main()'…


> Configure project :
Fabric Loom: 1.5.3

> Task :compileJava
> Task :processResources
> Task :classes
> Task :compileClientJava UP-TO-DATE
> Task :processClientResources UP-TO-DATE
> Task :clientClasses UP-TO-DATE

> Task :net.fabricmc.devlaunchinjector.Main.main()
[21:31:56] [main/INFO] (FabricLoader/GameProvider) Loading Minecraft 1.20.1 with Fabric Loader 0.16.3
[21:31:57] [main/INFO] (FabricLoader) Loading 60 mods:
	- fabric-api 0.92.2+1.20.1
	- fabric-api-base 0.4.31+1802ada577
	- fabric-api-lookup-api-v1 1.6.36+1802ada577
	- fabric-biome-api-v1 13.0.13+1802ada577
	- fabric-block-api-v1 1.0.11+1802ada577
	- fabric-block-view-api-v2 1.0.1+1802ada577
	- fabric-blockrenderlayer-v1 1.1.41+1802ada577
	- fabric-client-tags-api-v1 1.1.2+1802ada577
	- fabric-command-api-v1 1.2.34+f71b366f77
	- fabric-command-api-v2 2.2.13+1802ada577
	- fabric-commands-v0 0.2.51+df3654b377
	- fabric-containers-v0 0.1.64+df3654b377
	- fabric-content-registries-v0 4.0.11+1802ada577
	- fabric-convention-tags-v1 1.5.5+1802ada577
	- fabric-crash-report-info-v1 0.2.19+1802ada577
	- fabric-data-attachment-api-v1 1.0.0+de0fd6d177
	- fabric-data-generation-api-v1 12.3.4+1802ada577
	- fabric-dimensions-v1 2.1.54+1802ada577
	- fabric-entity-events-v1 1.6.0+1c78457f77
	- fabric-events-interaction-v0 0.6.2+1802ada577
	- fabric-events-lifecycle-v0 0.2.63+df3654b377
	- fabric-game-rule-api-v1 1.0.40+1802ada577
	- fabric-gametest-api-v1 1.2.13+1802ada577
	- fabric-item-api-v1 2.1.28+1802ada577
	- fabric-item-group-api-v1 4.0.12+1802ada577
	- fabric-key-binding-api-v1 1.0.37+1802ada577
	- fabric-keybindings-v0 0.2.35+df3654b377
	- fabric-lifecycle-events-v1 2.2.22+1802ada577
	- fabric-loot-api-v2 1.2.1+1802ada577
	- fabric-loot-tables-v1 1.1.45+9e7660c677
	- fabric-message-api-v1 5.1.9+1802ada577
	- fabric-mining-level-api-v1 2.1.50+1802ada577
	- fabric-model-loading-api-v1 1.0.3+1802ada577
	- fabric-models-v0 0.4.2+9386d8a777
	- fabric-networking-api-v1 1.3.11+1802ada577
	- fabric-networking-v0 0.3.51+df3654b377
	- fabric-object-builder-api-v1 11.1.3+1802ada577
	- fabric-particles-v1 1.1.2+1802ada577
	- fabric-recipe-api-v1 1.0.21+1802ada577
	- fabric-registry-sync-v0 2.3.3+1802ada577
	- fabric-renderer-api-v1 3.2.1+1802ada577
	- fabric-renderer-indigo 1.5.2+85287f9f77
	- fabric-renderer-registries-v1 3.2.46+df3654b377
	- fabric-rendering-data-attachment-v1 0.3.37+92a0d36777
	- fabric-rendering-fluids-v1 3.0.28+1802ada577
	- fabric-rendering-v0 1.1.49+df3654b377
	- fabric-rendering-v1 3.0.8+1802ada577
	- fabric-resource-conditions-api-v1 2.3.8+1802ada577
	- fabric-resource-loader-v0 0.11.10+1802ada577
	- fabric-screen-api-v1 2.0.8+1802ada577
	- fabric-screen-handler-api-v1 1.3.30+1802ada577
	- fabric-sound-api-v1 1.0.13+1802ada577
	- fabric-transfer-api-v1 3.3.5+8dd72ea377
	- fabric-transitive-access-wideners-v1 4.3.1+1802ada577
	- fabricloader 0.16.3
	- glassworld 2.2.0
	- java 17
	- jei 15.20.0.116
	- minecraft 1.20.1
	- mixinextras 0.4.1
[21:32:10] [main/INFO] (FabricLoader/Mixin) SpongePowered MIXIN Subsystem Version=0.8.7 Source=file:/C:/Users/Laptop/.gradle/caches/modules-2/files-2.1/net.fabricmc/sponge-mixin/0.15.2+mixin.0.8.7/2af2f021d8e02a0220dc27a7a72b4666d66d44ca/sponge-mixin-0.15.2+mixin.0.8.7.jar Service=Knot/Fabric Env=CLIENT
[21:32:11] [main/INFO] (FabricLoader/Mixin) Loaded Fabric development mappings for mixin remapper!
[21:32:11] [main/INFO] (FabricLoader/Mixin) Compatibility level set to JAVA_16
[21:32:11] [main/INFO] (FabricLoader/Mixin) Compatibility level set to JAVA_17
[21:32:16] [main/INFO] (FabricLoader/MixinExtras|Service) Initializing MixinExtras via com.llamalad7.mixinextras.service.MixinExtrasServiceImpl(version=0.4.1).
[21:32:30] [Datafixer Bootstrap/INFO] (Minecraft) 188 Datafixer optimizations took 494 milliseconds
[21:32:36] [Render thread/INFO] (Minecraft) Environment: authHost='https://authserver.mojang.com', accountsHost='https://api.mojang.com', sessionHost='https://sessionserver.mojang.com', servicesHost='https://api.minecraftservices.com', name='PROD'
[21:32:37] [Render thread/INFO] (Minecraft) Setting user: Player838
[21:32:37] [Render thread/WARN] (glassworld) Initializing Enchantments
[21:32:37] [Render thread/WARN] (glassworld) Initializing Items
[21:32:37] [Render thread/WARN] (glassworld) Initializing Blocks
[21:32:38] [Render thread/WARN] (glassworld) Initializing Effects
[21:32:38] [Render thread/WARN] (glassworld) Initializing Ores
[21:32:38] [Render thread/INFO] (glassworld) GlassWorld Client Initializing
[21:32:39] [Render thread/INFO] (PluginCaller) Sending ConfigManager...
[21:32:39] [Render thread/INFO] (PluginCaller) Sending ConfigManager took 4.258 ms
[21:32:39] [Render thread/INFO] (Indigo) [Indigo] Registering Indigo renderer!
[21:32:40] [Render thread/INFO] (Minecraft) Backend library: LWJGL version 3.3.2-snapshot
[21:32:43] [Render thread/INFO] (Minecraft) Reloading ResourceManager: vanilla, fabric (fabric-object-builder-api-v1, fabric-block-view-api-v2, glassworld, fabric-commands-v0, fabric-content-registries-v0, fabric-item-group-api-v1, fabric-api-base, fabric-entity-events-v1, fabric-renderer-api-v1, fabric-rendering-fluids-v1, fabric-block-api-v1, fabric-transitive-access-wideners-v1, fabric-biome-api-v1, fabric-particles-v1, fabric-rendering-v0, fabric-containers-v0, fabric-mining-level-api-v1, fabric-command-api-v1, fabric-registry-sync-v0, fabric-resource-loader-v0, fabric-loot-api-v2, fabric-blockrenderlayer-v1, fabricloader, fabric-message-api-v1, fabric-dimensions-v1, fabric-screen-handler-api-v1, fabric-model-loading-api-v1, fabric-game-rule-api-v1, fabric-rendering-v1, fabric-networking-api-v1, fabric-command-api-v2, fabric-convention-tags-v1, jei, fabric-item-api-v1, fabric-recipe-api-v1, fabric-lifecycle-events-v1, fabric-networking-v0, fabric-renderer-registries-v1, fabric-events-interaction-v0, fabric-models-v0, fabric-loot-tables-v1, fabric-rendering-data-attachment-v1, fabric-screen-api-v1, fabric-transfer-api-v1, fabric-data-generation-api-v1, fabric-resource-conditions-api-v1, fabric-keybindings-v0, fabric-key-binding-api-v1, fabric-sound-api-v1, fabric-crash-report-info-v1, fabric-renderer-indigo, fabric-events-lifecycle-v0, fabric-client-tags-api-v1, fabric-api-lookup-api-v1, fabric-gametest-api-v1, fabric-data-attachment-api-v1, fabric-api)
[21:32:44] [Worker-Main-1/INFO] (Minecraft) Found unifont_all_no_pua-15.0.06.hex, loading
[21:32:46] [Realms Notification Availability checker #1/INFO] (Minecraft) Could not authorize you against Realms server: java.lang.RuntimeException: Failed to parse into SignedJWT: FabricMC

[21:32:52] [Worker-Main-7/WARN] (Minecraft) Missing textures in model glassworld:iron_glass_trapdoor#facing=east,half=top,open=false,powered=true,waterlogged=false:
    minecraft:textures/atlas/blocks.png:glassworld:block/iron_glass_trapdoor


[21:32:52] [Worker-Main-7/WARN] (Minecraft) Missing textures in model glassworld:iron_glass_trapdoor#facing=north,half=top,open=true,powered=false,waterlogged=false:
    minecraft:textures/atlas/blocks.png:glassworld:block/iron_glass_trapdoor

[21:32:52] [Worker-Main-7/WARN] (Minecraft) Missing textures in model glassworld:iron_glass_trapdoor#inventory:
    minecraft:textures/atlas/blocks.png:glassworld:block/iron_glass_trapdoor
[21:32:52] [Worker-Main-7/WARN] (Minecraft) Missing textures in model glassworld:iron_glass_trapdoor#facing=east,half=top,open=true,powered=true,waterlogged=true:
    minecraft:textures/atlas/blocks.png:glassworld:block/iron_glass_trapdoor
[21:32:52] [Worker-Main-7/WARN] (Minecraft) Missing textures in model glassworld:iron_glass_trapdoor#facing=south,half=bottom,open=true,powered=false,waterlogged=false:
    minecraft:textures/atlas/blocks.png:glassworld:block/iron_glass_trapdoor
[21:32:52] [Worker-Main-7/WARN] (Minecraft) Missing textures in model glassworld:iron_glass_trapdoor#facing=south,half=top,open=true,powered=true,waterlogged=true:
    minecraft:textures/atlas/blocks.png:glassworld:block/iron_glass_trapdoor
[21:32:52] [Worker-Main-7/WARN] (Minecraft) Missing textures in model glassworld:iron_glass_door#facing=west,half=lower,hinge=right,open=false,powered=false:


[21:32:52] [Worker-Main-7/WARN] (Minecraft) Missing textures in model glassworld:iron_glass_trapdoor#facing=north,half=bottom,open=false,powered=true,waterlogged=true:
    minecraft:textures/atlas/blocks.png:glassworld:block/iron_glass_trapdoor
[21:32:52] [Worker-Main-7/WARN] (Minecraft) Missing textures in model glassworld:iron_glass_trapdoor#facing=west,half=top,open=false,powered=true,waterlogged=false:
    minecraft:textures/atlas/blocks.png:glassworld:block/iron_glass_trapdoor

[21:32:52] [Worker-Main-7/WARN] (Minecraft) Missing textures in model glassworld:iron_glass_trapdoor#facing=east,half=bottom,open=true,powered=true,waterlogged=false:
    minecraft:textures/atlas/blocks.png:glassworld:block/iron_glass_trapdoor

[21:32:52] [Worker-Main-7/WARN] (Minecraft) Missing textures in model glassworld:iron_glass_trapdoor#facing=west,half=bottom,open=true,powered=false,waterlogged=false:
    minecraft:textures/atlas/blocks.png:glassworld:block/iron_glass_trapdoor
[21:32:52] [Worker-Main-7/WARN] (Minecraft) Missing textures in model glassworld:iron_glass_trapdoor#facing=north,half=bottom,open=true,powered=true,waterlogged=false:
    minecraft:textures/atlas/blocks.png:glassworld:block/iron_glass_trapdoor

[21:32:52] [Worker-Main-7/WARN] (Minecraft) Missing textures in model glassworld:iron_glass_trapdoor#facing=east,half=bottom,open=false,powered=false,waterlogged=true:
    minecraft:textures/atlas/blocks.png:glassworld:block/iron_glass_trapdoor
[21:32:52] [Worker-Main-7/WARN] (Minecraft) Missing textures in model glassworld:iron_glass_door#facing=east,half=upper,hinge=right,open=false,powered=false:
    minecraft:textures/atlas/blocks.png:glassworld:block/iron_glass_door_top
[21:32:52] [Worker-Main-7/WARN] (Minecraft) Missing textures in model glassworld:iron_glass_trapdoor#facing=south,half=top,open=false,powered=false,waterlogged=false:
    minecraft:textures/atlas/blocks.png:glassworld:block/iron_glass_trapdoor
[21:32:52] [Worker-Main-7/WARN] (Minecraft) Missing textures in model glassworld:iron_glass_door#facing=east,half=upper,hinge=right,open=true,powered=true:
    minecraft:textures/atlas/blocks.png:glassworld:block/iron_glass_door_top
[21:32:52] [Worker-Main-7/WARN] (Minecraft) Missing textures in model glassworld:iron_glass_trapdoor#facing=south,half=bottom,open=false,powered=true,waterlogged=false:
    minecraft:textures/atlas/blocks.png:glassworld:block/iron_glass_trapdoor
[21:32:52] [Worker-Main-7/WARN] (Minecraft) Missing textures in model glassworld:iron_glass_door#facing=south,half=upper,hinge=left,open=true,powered=true:
    minecraft:textures/atlas/blocks.png:glassworld:block/iron_glass_door_top
[21:32:52] [Worker-Main-7/WARN] (Minecraft) Missing textures in model glassworld:iron_glass_door#facing=east,half=lower,hinge=left,open=true,powered=true:
    minecraft:textures/atlas/blocks.png:glassworld:block/iron_glass_door_bottom
[21:32:52] [Worker-Main-7/WARN] (Minecraft) Missing textures in model glassworld:iron_glass_trapdoor#facing=north,half=top,open=false,powered=true,waterlogged=true:
    minecraft:textures/atlas/blocks.png:glassworld:block/iron_glass_trapdoor
[21:32:52] [Worker-Main-7/WARN] (Minecraft) Missing textures in model glassworld:iron_glass_door#facing=south,half=lower,hinge=left,open=false,powered=false:
    minecraft:textures/atlas/blocks.png:glassworld:block/iron_glass_door_bottom
[21:32:52] [Worker-Main-7/WARN] (Minecraft) Missing textures in model glassworld:iron_glass_door#facing=north,half=upper,hinge=right,open=true,powered=false:
    minecraft:textures/atlas/blocks.png:glassworld:block/iron_glass_door_top
[21:32:52] [Worker-Main-7/WARN] (Minecraft) Missing textures in model glassworld:iron_glass_door#facing=west,half=upper,hinge=right,open=true,powered=true:
    minecraft:textures/atlas/blocks.png:glassworld:block/iron_glass_door_top
[21:32:52] [Worker-Main-7/WARN] (Minecraft) Missing textures in model glassworld:iron_glass_door#facing=west,half=lower,hinge=left,open=false,powered=true:
    minecraft:textures/atlas/blocks.png:glassworld:block/iron_glass_door_bottom
[21:32:52] [Worker-Main-7/WARN] (Minecraft) Missing textures in model glassworld:iron_glass_door#facing=south,half=lower,hinge=right,open=false,powered=true:
    minecraft:textures/atlas/blocks.png:glassworld:block/iron_glass_door_bottom
[21:32:52] [Worker-Main-7/WARN] (Minecraft) Missing textures in model glassworld:iron_glass_door#inventory:
    minecraft:textures/atlas/blocks.png:glassworld:item/iron_glass_door
[21:32:52] [Worker-Main-7/WARN] (Minecraft) Missing textures in model glassworld:iron_glass_trapdoor#facing=west,half=bottom,open=false,powered=false,waterlogged=false:
    minecraft:textures/atlas/blocks.png:glassworld:block/iron_glass_trapdoor
[21:32:52] [Worker-Main-7/WARN] (Minecraft) Missing textures in model glassworld:iron_glass_door#facing=south,half=upper,hinge=right,open=false,powered=false:
    minecraft:textures/atlas/blocks.png:glassworld:block/iron_glass_door_top
[21:32:52] [Worker-Main-7/WARN] (Minecraft) Missing textures in model glassworld:iron_glass_door#facing=west,half=lower,hinge=left,open=true,powered=false:
    minecraft:textures/atlas/blocks.png:glassworld:block/iron_glass_door_bottom
[21:32:52] [Worker-Main-7/WARN] (Minecraft) Missing textures in model glassworld:iron_glass_door#facing=south,half=lower,hinge=left,open=true,powered=true:
    minecraft:textures/atlas/blocks.png:glassworld:block/iron_glass_door_bottom
[21:32:52] [Worker-Main-7/WARN] (Minecraft) Missing textures in model glassworld:iron_glass_door#facing=west,half=lower,hinge=right,open=true,powered=true:
    minecraft:textures/atlas/blocks.png:glassworld:block/iron_glass_door_bottom
[21:32:52] [Worker-Main-7/WARN] (Minecraft) Missing textures in model glassworld:iron_glass_door#facing=south,half=lower,hinge=right,open=true,powered=false:
    minecraft:textures/atlas/blocks.png:glassworld:block/iron_glass_door_bottom
[21:32:52] [Worker-Main-7/WARN] (Minecraft) Missing textures in model glassworld:iron_glass_door#facing=north,half=upper,hinge=right,open=false,powered=true:
    minecraft:textures/atlas/blocks.png:glassworld:block/iron_glass_door_top
[21:32:52] [Worker-Main-7/WARN] (Minecraft) Missing textures in model glassworld:iron_glass_trapdoor#facing=west,half=top,open=true,powered=false,waterlogged=true:
    minecraft:textures/atlas/blocks.png:glassworld:block/iron_glass_trapdoor
[21:32:52] [Render thread/WARN] (Minecraft) Missing sound for event: minecraft:item.goat_horn.play
[21:32:52] [Render thread/WARN] (Minecraft) Missing sound for event: minecraft:entity.goat.screaming.horn_break
[21:32:52] [Render thread/INFO] (Minecraft) OpenAL initialized on device OpenAL Soft on 扬声器 (Realtek(R) Audio)
[21:32:52] [Render thread/INFO] (Minecraft) Sound engine started
[21:32:53] [Render thread/INFO] (Minecraft) Created: 1024x512x4 minecraft:textures/atlas/blocks.png-atlas
[21:32:53] [Render thread/INFO] (Minecraft) Created: 256x256x4 minecraft:textures/atlas/signs.png-atlas
[21:32:53] [Render thread/INFO] (Minecraft) Created: 512x512x4 minecraft:textures/atlas/banner_patterns.png-atlas
[21:32:53] [Render thread/INFO] (Minecraft) Created: 512x512x4 minecraft:textures/atlas/shield_patterns.png-atlas
[21:32:53] [Render thread/INFO] (Minecraft) Created: 1024x1024x4 minecraft:textures/atlas/armor_trims.png-atlas
[21:32:55] [Render thread/INFO] (Minecraft) Created: 256x256x4 minecraft:textures/atlas/chest.png-atlas
[21:32:55] [Render thread/INFO] (Minecraft) Created: 128x64x4 minecraft:textures/atlas/decorated_pot.png-atlas
[21:32:55] [Render thread/INFO] (Minecraft) Created: 512x256x4 minecraft:textures/atlas/beds.png-atlas
[21:32:56] [Render thread/INFO] (Minecraft) Created: 512x256x4 minecraft:textures/atlas/shulker_boxes.png-atlas
[21:32:57] [Render thread/WARN] (Minecraft) Shader rendertype_entity_translucent_emissive could not find sampler named Sampler2 in the specified shader program.
[21:32:57] [Render thread/INFO] (Minecraft) Created: 256x256x0 minecraft:textures/atlas/particles.png-atlas
[21:32:58] [Render thread/INFO] (Minecraft) Created: 256x256x0 minecraft:textures/atlas/paintings.png-atlas
[21:32:58] [Render thread/INFO] (Minecraft) Created: 128x128x0 minecraft:textures/atlas/mob_effects.png-atlas
[21:32:58] [Render thread/INFO] (Minecraft) Created: 256x256x0 jei:textures/atlas/gui.png-atlas
[21:33:04] [Render thread/INFO] (Minecraft) Stopping!
[21:33:04] [Render thread/INFO] (ClientLifecycleHandler) Stopping JEI
[21:33:04] [Render thread/INFO] (JeiStarter) Stopping JEI
[21:33:04] [Render thread/INFO] (PluginCaller) Sending Runtime Unavailable...
[21:33:04] [Render thread/INFO] (FabricGuiPlugin) Stopping JEI GUI
[21:33:04] [Render thread/INFO] (PluginCaller) Sending Runtime Unavailable took 1.077 ms

BUILD SUCCESSFUL in 1m 24s
5 actionable tasks: 3 executed, 2 up-to-date
21:33:06: 执行完成 ':net.fabricmc.devlaunchinjector.Main.main()'。
